<?xml version="1.0" encoding="UTF-8"?>
<!-- Generated by org.testng.reporters.JUnitReportReporter -->
<testsuite skipped="0" hostname="MCNJY01" name="com.AutomateAPI" tests="5" failures="1" timestamp="21 Jun 2019 12:45:27 GMT" time="6.460" errors="0">
  <testcase name="validateAPIResponse" time="2.514" classname="com.AutomateAPI">
    <failure type="java.lang.AssertionError" message="expected [220] but found [200]">
      <![CDATA[java.lang.AssertionError: expected [220] but found [200]
	at org.testng.Assert.fail(Assert.java:93)
	at org.testng.Assert.failNotEquals(Assert.java:512)
	at org.testng.Assert.assertEqualsImpl(Assert.java:134)
	at org.testng.Assert.assertEquals(Assert.java:115)
	at org.testng.Assert.assertEquals(Assert.java:388)
	at org.testng.Assert.assertEquals(Assert.java:398)
	at com.AutomateAPI.validateAPIResponse(AutomateAPI.java:38)
	at sun.reflect.NativeMethodAccessorImpl.invoke0(Native Method)
	at sun.reflect.NativeMethodAccessorImpl.invoke(Unknown Source)
	at sun.reflect.DelegatingMethodAccessorImpl.invoke(Unknown Source)
	at java.lang.reflect.Method.invoke(Unknown Source)
	at org.testng.internal.MethodInvocationHelper.invokeMethod(MethodInvocationHelper.java:108)
	at org.testng.internal.Invoker.invokeMethod(Invoker.java:661)
	at org.testng.internal.Invoker.invokeTestMethod(Invoker.java:869)
	at org.testng.internal.Invoker.invokeTestMethods(Invoker.java:1193)
	at org.testng.internal.TestMethodWorker.invokeTestMethods(TestMethodWorker.java:126)
	at org.testng.internal.TestMethodWorker.run(TestMethodWorker.java:109)
	at java.util.concurrent.ThreadPoolExecutor.runWorker(Unknown Source)
	at java.util.concurrent.ThreadPoolExecutor$Worker.run(Unknown Source)
	at java.lang.Thread.run(Unknown Source)
]]>
    </failure>
  </testcase> <!-- validateAPIResponse -->
  <testcase name="validateGET" time="1.093" classname="com.AutomateAPI"/>
  <testcase name="doPOST" time="1.006" classname="com.AutomateAPI"/>
  <testcase name="doPUT" time="0.923" classname="com.AutomateAPI"/>
  <testcase name="doDELETE" time="0.924" classname="com.AutomateAPI"/>
</testsuite> <!-- com.AutomateAPI -->
