<?xml version="1.0" encoding="UTF-8"?>
<!-- Generated by org.testng.reporters.JUnitReportReporter -->
<testsuite skipped="0" hostname="MCNJY01" name="com.APIAutomate" tests="3" failures="0" timestamp="11 Jun 2018 06:58:15 GMT" time="4.572" errors="0">
  <testcase name="ValidateAPIResponse" time="2.752" classname="com.APIAutomate"/>
  <testcase name="GetAPIReturnValue" time="0.857" classname="com.APIAutomate"/>
  <testcase name="ValidateJSONData" time="0.963" classname="com.APIAutomate"/>
</testsuite> <!-- com.APIAutomate -->
